 ** 
 ** 
 ** 
Supprimer et fermer l'espace
Supprimer et fermer l'espace
Supprimer et fermer l'espace
Supprimer et fermer l'espace
Supprimer et fermer l'espace
Ajouter le média
Insérer
 ** 
Scinder l'élément
Supprimer et fermer l'espace
Extraire et insérer la sélection
Extraire et insérer la sélection
Supprimer et fermer l'espace
Supprimer et fermer l'espace
Supprimer et fermer l'espace
Supprimer et fermer l'espace
Supprimer et fermer l'espace
Supprimer et fermer l'espace
Image figée
Scinder l'élément
Supprimer et fermer l'espace
Scinder l'élément
Supprimer
Scinder l'élément
Supprimer et fermer l'espace
Fondu audio et vidéo en sortie
Ajouter le média
Insérer
Scinder l'élément
Supprimer et fermer l'espace
Undo Supprimer et fermer l'espace
Undo Scinder l'élément
Scinder l'élément
Supprimer et fermer l'espace
Fondu audio et vidéo en entrée
Scinder l'élément
Supprimer et fermer l'espace
Ajouter le média
Insérer
Scinder l'élément
Scinder l'élément
Supprimer et fermer l'espace
Scinder l'élément
Supprimer et fermer l'espace
Supprimer et fermer l'espace
Supprimer et fermer l'espace
Ajouter le média
Insérer
Scinder l'élément
Supprimer et fermer l'espace
Scinder l'élément
Supprimer et fermer l'espace
Ajouter le média
Insérer
Scinder l'élément
Supprimer et fermer l'espace
Scinder l'élément
Scinder l'élément
Scinder l'élément
Extraire et insérer la sélection
Supprimer et fermer l'espace
Insérer
Scinder l'élément
Supprimer et fermer l'espace
Fondu audio et vidéo en entrée
Undo Fondu audio et vidéo en entrée
Image figée
Fondu audio et vidéo en entrée
Scinder l'élément
Supprimer et fermer l'espace
Ajouter le média
Insérer
Scinder l'élément
Supprimer et fermer l'espace
Scinder l'élément
Supprimer et fermer l'espace
Ajouter le média
Insérer
Scinder l'élément
Scinder l'élément
Scinder l'élément
Supprimer et fermer l'espace
Supprimer et fermer l'espace
Ajouter le média
Insérer
Scinder l'élément
Scinder l'élément
Supprimer et fermer l'espace
Supprimer et fermer l'espace
Ajouter le média
Insérer
Scinder l'élément
Scinder l'élément
Supprimer et fermer l'espace
Supprimer et fermer l'espace
Ajouter le média
Insérer
Scinder l'élément
Scinder l'élément
Supprimer et fermer l'espace
Scinder l'élément
Scinder l'élément
Supprimer et fermer l'espace
Scinder l'élément
Supprimer et fermer l'espace
Ajouter le média
Insérer
Scinder l'élément
Scinder l'élément
Supprimer et fermer l'espace
Supprimer et fermer l'espace
Extraire et insérer la sélection
Ajouter le média
Insérer
Scinder l'élément
Supprimer et fermer l'espace
Scinder l'élément
Supprimer et fermer l'espace
Ajouter le média
Insérer
Scinder l'élément
Scinder l'élément
Supprimer et fermer l'espace
Supprimer et fermer l'espace
Ajouter le média
Insérer
Ajouter le média
Insérer
Scinder l'élément
Scinder l'élément
Scinder l'élément
Supprimer et fermer l'espace
Scinder l'élément
Supprimer et fermer l'espace
Ajouter le média
Insérer
Ajouter le média
Insérer
Ajouter le média
Insérer
Ajouter le média
Insérer
Supprimer et fermer l'espace
Ajouter le média
Insérer
Scinder l'élément
Scinder l'élément
Supprimer et fermer l'espace
Supprimer et fermer l'espace
Ajouter le média
Insérer
Supprimer et fermer l'espace
Ajouter le média
Insérer
Ajouter le média
Insérer
Scinder l'élément
Scinder l'élément
Supprimer et fermer l'espace
Ajouter le média
Insérer
Scinder l'élément
Scinder l'élément
Supprimer et fermer l'espace
Supprimer et fermer l'espace
Ajouter le média
Insérer
Scinder l'élément
Scinder l'élément
Supprimer et fermer l'espace
Supprimer et fermer l'espace
Ajouter le média
Insérer
Scinder l'élément
Supprimer et fermer l'espace
Scinder l'élément
Supprimer et fermer l'espace
Ajouter le média
Insérer
Scinder l'élément
Supprimer et fermer l'espace
Scinder l'élément
Scinder l'élément
Supprimer et fermer l'espace
Scinder l'élément
Scinder l'élément
Extraire et insérer la sélection
Extraire et insérer la sélection
Undo Extraire et insérer la sélection
Extraire et insérer la sélection
Scinder l'élément
Scinder l'élément
Supprimer et fermer l'espace
Supprimer et fermer l'espace
Supprimer et fermer l'espace
Extraire et insérer la sélection
Extraire et insérer la sélection
Scinder l'élément
Scinder l'élément
Scinder l'élément
Scinder l'élément
Scinder l'élément
Supprimer et fermer l'espace
Supprimer et fermer l'espace
Extraire et insérer la sélection
Extraire et insérer la sélection
Supprimer et fermer l'espace
Supprimer et fermer l'espace
Supprimer et fermer l'espace
Extraire et insérer la sélection
Supprimer et fermer l'espace
Scinder l'élément
Scinder l'élément
Supprimer et fermer l'espace
Supprimer et fermer l'espace
Extraire et insérer la sélection
Extraire et insérer la sélection
Supprimer et fermer l'espace
Supprimer et fermer l'espace
Supprimer et fermer l'espace
Scinder l'élément
Scinder l'élément
Supprimer et fermer l'espace
Supprimer et fermer l'espace
Extraire et insérer la sélection
Extraire et insérer la sélection
Extraire et insérer la sélection
Extraire et insérer la sélection
Supprimer et fermer l'espace
Ajouter le média
Insérer
Scinder l'élément
Scinder l'élément
Supprimer et fermer l'espace
Supprimer et fermer l'espace
Supprimer et fermer l'espace
Ajouter le média
Insérer
Créer un titre (Titre 01)
Propriétés de couleur (Titre 01)
Modifier le titreTitre 01 (Titre 01)
Centrer (Titre 01)
Modifier le titreTitre 01 (Titre 01)
Centre horizontal (Titre 01)
Centre vertical (Titre 01)
Supprimer et raccorder
Coller
Supprimer et raccorder
Undo Supprimer et raccorder
Undo Coller
Extraire et insérer la sélection
Coller
Undo Coller
Default Caslon Pro 68 (Titre 01)
Propriétés de couleur (Titre 01)
Supprimer et raccorder
Extraire et insérer la sélection
Supprimer et raccorder
Supprimer et raccorder
Supprimer et raccorder
Scinder l'élément
Supprimer et fermer l'espace
Scinder l'élément
Scinder l'élément
Supprimer et fermer l'espace
Supprimer et fermer l'espace
Scinder l'élément
Supprimer et fermer l'espace
Scinder l'élément
Supprimer et fermer l'espace
Ajouter le média
Insérer
Supprimer et raccorder
Fondu audio et vidéo en sortie
Ajouter le média
Insérer
Créer un titre (Titre 02)
Supprimer et fermer l'espace
Ajouter le média
Insérer
Créer un titre (Titre 03)
Outil Sélection (Titre 03)
Outil Texte (Titre 03)
Outil Texte (Titre 03)
Outil Texte (Titre 03)
Outil Texte (Titre 03)
Outil Texte (Titre 03)
Outil Texte (Titre 03)
Centrer (Titre 03)
Centre horizontal (Titre 03)
Centre vertical (Titre 03)
Supprimer et raccorder
Supprimer et raccorder
Supprimer et raccorder
Supprimer et raccorder
Supprimer et fermer l'espace
Supprimer et fermer l'espace
Supprimer et fermer l'espace
Supprimer et fermer l'espace
Supprimer et fermer l'espace
Supprimer et fermer l'espace
Supprimer et fermer l'espace
Supprimer et fermer l'espace
Scinder l'élément
Supprimer et fermer l'espace
Supprimer et fermer l'espace
Modifier le titreTitre 01 (Titre 01)
Centre vertical (Titre 01)
Centre horizontal (Titre 01)
Supprimer et fermer l'espace
 ** 
Supprimer et fermer l'espace
Supprimer et fermer l'espace
Supprimer et fermer l'espace
Supprimer et fermer l'espace
Supprimer et fermer l'espace
Supprimer et fermer l'espace
Supprimer et fermer l'espace
Supprimer et fermer l'espace
Supprimer et fermer l'espace
Modifier le titreTitre 01 (Titre 01)
Modifier le titreTitre 01 (Titre 01)
Supprimer et fermer l'espace
Outil Texte (Titre 03)
Modifier le titreTitre 03 (Titre 03)
Centre vertical (Titre 03)
Centre horizontal (Titre 03)
Outil Sélection (Titre 03)
Outil Sélection (Titre 03)
Outil Sélection (Titre 03)
Centre horizontal (Titre 03)
Outil Sélection (Titre 03)
Centre horizontal (Titre 03)
Outil Sélection (Titre 03)
Centre horizontal (Titre 03)
Supprimer et raccorder
Fondu audio et vidéo en sortie
